[0m07:58:16.360223 [debug] [MainThread]: Sending event: {'category': 'dbt', 'action': 'invocation', 'label': 'start', 'context': [<snowplow_tracker.self_describing_json.SelfDescribingJson object at 0x0000024CC04BD970>, <snowplow_tracker.self_describing_json.SelfDescribingJson object at 0x0000024CC04BD610>, <snowplow_tracker.self_describing_json.SelfDescribingJson object at 0x0000024CC04BD5B0>]}


============================== 07:58:16.366555 | 4490dbb5-3aa5-4240-92bf-b82fff7f2905 ==============================
[0m07:58:16.366555 [info ] [MainThread]: Running with dbt=1.7.0
[0m07:58:16.367960 [debug] [MainThread]: running dbt with arguments {'printer_width': '80', 'indirect_selection': 'eager', 'write_json': 'True', 'log_cache_events': 'False', 'partial_parse': 'True', 'cache_selected_only': 'False', 'profiles_dir': 'C:\\Users\\prasa\\.dbt', 'debug': 'False', 'fail_fast': 'False', 'log_path': 'C:\\home_assignment_v1\\dbt_project\\logs', 'version_check': 'True', 'warn_error': 'None', 'use_colors': 'True', 'use_experimental_parser': 'False', 'no_print': 'None', 'quiet': 'False', 'warn_error_options': 'WarnErrorOptions(include=[], exclude=[])', 'static_parser': 'True', 'introspect': 'True', 'log_format': 'default', 'target_path': 'None', 'invocation_command': 'dbt debug', 'send_anonymous_usage_stats': 'True'}
[0m07:58:16.368966 [info ] [MainThread]: dbt version: 1.7.0
[0m07:58:16.369965 [info ] [MainThread]: python version: 3.12.1
[0m07:58:16.370969 [info ] [MainThread]: python path: c:\home_assignment_v1\dbt_venv\Scripts\python.exe
[0m07:58:16.371967 [info ] [MainThread]: os info: Windows-11-10.0.22621-SP0
[0m07:58:16.373967 [info ] [MainThread]: Using profiles dir at C:\Users\prasa\.dbt
[0m07:58:16.375967 [info ] [MainThread]: Using profiles.yml file at C:\Users\prasa\.dbt\profiles.yml
[0m07:58:16.376966 [info ] [MainThread]: Using dbt_project.yml file at C:\home_assignment_v1\dbt_project\dbt_project.yml
[0m07:58:16.497132 [info ] [MainThread]: Configuration:
[0m07:58:16.499128 [info ] [MainThread]:   profiles.yml file [[31mERROR not found[0m]
[0m07:58:16.500131 [info ] [MainThread]:   dbt_project.yml file [[32mOK found and valid[0m]
[0m07:58:16.501128 [info ] [MainThread]: Required dependencies:
[0m07:58:16.502128 [debug] [MainThread]: Executing "git --help"
[0m07:58:16.512451 [info ] [MainThread]:  - git [[31mERROR[0m]

[0m07:58:16.514448 [info ] [MainThread]: Connection test skipped since no profile was found
[0m07:58:16.515490 [info ] [MainThread]: [31m2 checks failed:[0m
[0m07:58:16.516445 [info ] [MainThread]: dbt looked for a profiles.yml file in C:\Users\prasa\.dbt\profiles.yml, but did
not find one. For more information on configuring your profile, consult the
documentation:

https://docs.getdbt.com/docs/configure-your-profile


[0m07:58:16.518803 [info ] [MainThread]: Error from git --help: Could not find command, ensure it is in the user's PATH and that the user has permissions to run it: "git"

[0m07:58:16.521237 [debug] [MainThread]: Command `dbt debug` failed at 07:58:16.521237 after 0.21 seconds
[0m07:58:16.523242 [debug] [MainThread]: Sending event: {'category': 'dbt', 'action': 'invocation', 'label': 'end', 'context': [<snowplow_tracker.self_describing_json.SelfDescribingJson object at 0x0000024CBFE98200>, <snowplow_tracker.self_describing_json.SelfDescribingJson object at 0x0000024CBFEB9D60>, <snowplow_tracker.self_describing_json.SelfDescribingJson object at 0x0000024CC0406480>]}
[0m07:58:16.525276 [debug] [MainThread]: Flushing usage events
[0m08:03:37.989708 [debug] [MainThread]: Sending event: {'category': 'dbt', 'action': 'invocation', 'label': 'start', 'context': [<snowplow_tracker.self_describing_json.SelfDescribingJson object at 0x00000279DFF2DA90>, <snowplow_tracker.self_describing_json.SelfDescribingJson object at 0x00000279DFF2DBE0>, <snowplow_tracker.self_describing_json.SelfDescribingJson object at 0x00000279DFF2D7F0>]}


============================== 08:03:37.998747 | 084d7eb1-d693-4192-8940-966ee330d3bd ==============================
[0m08:03:37.998747 [info ] [MainThread]: Running with dbt=1.7.0
[0m08:03:37.998747 [debug] [MainThread]: running dbt with arguments {'printer_width': '80', 'indirect_selection': 'eager', 'log_cache_events': 'False', 'write_json': 'True', 'partial_parse': 'True', 'cache_selected_only': 'False', 'warn_error': 'None', 'version_check': 'True', 'fail_fast': 'False', 'log_path': 'c:\\home_assignment_v1\\dbt_project\\logs', 'debug': 'False', 'profiles_dir': 'C:\\Users\\prasa\\.dbt', 'use_colors': 'True', 'use_experimental_parser': 'False', 'no_print': 'None', 'quiet': 'False', 'log_format': 'default', 'introspect': 'True', 'static_parser': 'True', 'warn_error_options': 'WarnErrorOptions(include=[], exclude=[])', 'target_path': 'None', 'invocation_command': 'dbt ', 'send_anonymous_usage_stats': 'True'}
[0m08:03:38.000119 [info ] [MainThread]: dbt version: 1.7.0
[0m08:03:38.001129 [info ] [MainThread]: python version: 3.12.1
[0m08:03:38.002285 [info ] [MainThread]: python path: c:\home_assignment_v1\dbt_venv\Scripts\python.exe
[0m08:03:38.002285 [info ] [MainThread]: os info: Windows-11-10.0.22621-SP0
[0m08:03:38.003559 [info ] [MainThread]: Using profiles dir at C:\Users\prasa\.dbt
[0m08:03:38.003559 [info ] [MainThread]: Using profiles.yml file at C:\Users\prasa\.dbt\profiles.yml
[0m08:03:38.004913 [info ] [MainThread]: Using dbt_project.yml file at c:\home_assignment_v1\dbt_project\dbt_project.yml
[0m08:03:38.080111 [info ] [MainThread]: Configuration:
[0m08:03:38.081114 [info ] [MainThread]:   profiles.yml file [[31mERROR not found[0m]
[0m08:03:38.082115 [info ] [MainThread]:   dbt_project.yml file [[32mOK found and valid[0m]
[0m08:03:38.083113 [info ] [MainThread]: Required dependencies:
[0m08:03:38.083113 [debug] [MainThread]: Executing "git --help"
[0m08:03:38.102548 [info ] [MainThread]:  - git [[31mERROR[0m]

[0m08:03:38.103548 [info ] [MainThread]: Connection test skipped since no profile was found
[0m08:03:38.103548 [info ] [MainThread]: [31m2 checks failed:[0m
[0m08:03:38.104550 [info ] [MainThread]: dbt looked for a profiles.yml file in C:\Users\prasa\.dbt\profiles.yml, but did
not find one. For more information on configuring your profile, consult the
documentation:

https://docs.getdbt.com/docs/configure-your-profile


[0m08:03:38.105548 [info ] [MainThread]: Error from git --help: Could not find command, ensure it is in the user's PATH and that the user has permissions to run it: "git"

[0m08:03:38.106605 [debug] [MainThread]: Command `cli debug` failed at 08:03:38.106605 after 0.16 seconds
[0m08:03:38.107109 [debug] [MainThread]: Sending event: {'category': 'dbt', 'action': 'invocation', 'label': 'end', 'context': [<snowplow_tracker.self_describing_json.SelfDescribingJson object at 0x00000279DFC8ACF0>, <snowplow_tracker.self_describing_json.SelfDescribingJson object at 0x00000279D924BC80>, <snowplow_tracker.self_describing_json.SelfDescribingJson object at 0x00000279D924BF50>]}
[0m08:03:38.107109 [debug] [MainThread]: Flushing usage events
